PLINK v1.90b6.18 64-bit (16 Jun 2020)
Options in effect:
  --bfile 12-unrelated_1KG_plus_UKBiobank_pruned_set
  --keep fev1pp_set.txt
  --make-bed
  --out 13-ukbb_copd_fev1pp_set

Hostname: qlogin22.ccm.sickkids.ca
Working directory: /hpf/largeprojects/struglis/naim/210402-ukbb_analyses/copd/spirometry_assoc_in_copd/pca
Start time: Wed Jun 23 13:33:20 2021

Random number seed: 1624469600
122722 MB RAM detected; reserving 61361 MB for main workspace.
Allocated 19414 MB successfully, after larger attempt(s) failed.
31144 variants loaded from .bim file.
453001 people (208825 males, 244080 females, 96 ambiguous) loaded from .fam.
Ambiguous sex IDs written to 13-ukbb_copd_fev1pp_set.nosex .
--keep: 537 people remaining.
Using 1 thread (no multithreaded calculations invoked).
Before main variant filters, 537 founders and 0 nonfounders present.
Calculating allele frequencies... done.
Total genotyping rate in remaining samples is 0.996262.
31144 variants and 537 people pass filters and QC.
Note: No phenotypes present.
--make-bed to 13-ukbb_copd_fev1pp_set.bed + 13-ukbb_copd_fev1pp_set.bim +
13-ukbb_copd_fev1pp_set.fam ... done.

End time: Wed Jun 23 13:33:24 2021
